<?xml version="1.0" encoding="UTF-8"?>
<!-- Generated by org.testng.reporters.JUnitReportReporter -->
<testsuite skipped="0" hostname="LIN37000696" name="testCases.Flight_Test_Cases.Flight_TS_03" tests="2" failures="0" timestamp="13 Mar 2020 20:45:15 GMT" time="0.002" errors="0">
  <testcase name="TC_02_Oneway_Search_Economy" time="0.001" classname="testCases.Flight_Test_Cases.Flight_TS_03"/>
  <testcase name="TC_01_Oneway_Search_Business" time="0.001" classname="testCases.Flight_Test_Cases.Flight_TS_03"/>
</testsuite> <!-- testCases.Flight_Test_Cases.Flight_TS_03 -->
