<?xml version="1.0" encoding="UTF-8"?>
<!-- Generated by org.testng.reporters.JUnitReportReporter -->
<testsuite skipped="0" hostname="LIN37000696" name="testCases.Flight_Test_Cases.Flight_TC_06" tests="1" failures="0" timestamp="28 Feb 2020 16:46:49 GMT" time="0.001" errors="0">
  <testcase name="f" time="0.001" classname="testCases.Flight_Test_Cases.Flight_TC_06"/>
</testsuite> <!-- testCases.Flight_Test_Cases.Flight_TC_06 -->
