<?xml version="1.0" encoding="UTF-8"?>
<!-- Generated by org.testng.reporters.JUnitReportReporter -->
<testsuite skipped="0" hostname="LIN37000696" name="testCases.Flight_Test_Cases.Flight_TC_02" tests="1" failures="0" timestamp="02 Mar 2020 14:49:04 GMT" time="0.002" errors="0">
  <testcase name="f1" time="0.002" classname="testCases.Flight_Test_Cases.Flight_TC_02"/>
</testsuite> <!-- testCases.Flight_Test_Cases.Flight_TC_02 -->
