<?xml version="1.0" encoding="UTF-8"?>
<!-- Generated by org.testng.reporters.JUnitReportReporter -->
<testsuite skipped="0" hostname="LIN37000696" name="testCases.FlightPageTestCase" tests="2" failures="0" timestamp="26 Sep 2019 07:24:32 GMT" time="1.660" errors="0">
  <testcase name="verify_more_dropdown" time="0.336" classname="testCases.FlightPageTestCase"/>
  <testcase name="verify_menu_options" time="1.324" classname="testCases.FlightPageTestCase"/>
</testsuite> <!-- testCases.FlightPageTestCase -->
