<?xml version="1.0" encoding="UTF-8"?>
<!-- Generated by org.testng.reporters.JUnitReportReporter -->
<testsuite skipped="0" hostname="LIN37000696" name="testCases.Flight_Test_Cases.Flight_TS_01" tests="3" failures="0" timestamp="13 Mar 2020 20:45:15 GMT" time="0.164" errors="0">
  <testcase name="TC_01_Verify_Colour_Flight_Icon" time="0.095" classname="testCases.Flight_Test_Cases.Flight_TS_01"/>
  <testcase name="TC_02_Verify_Default_TripType" time="0.000" classname="testCases.Flight_Test_Cases.Flight_TS_01"/>
  <testcase name="TC_04_Verify_Default_To_Field" time="0.069" classname="testCases.Flight_Test_Cases.Flight_TS_01"/>
</testsuite> <!-- testCases.Flight_Test_Cases.Flight_TS_01 -->
