<?xml version="1.0" encoding="UTF-8"?>
<!-- Generated by org.testng.reporters.JUnitReportReporter -->
<testsuite skipped="0" hostname="LIN37000696" name="testCases.Flight_Test_Cases.Flight_TS_02" tests="5" failures="0" timestamp="13 Mar 2020 20:45:15 GMT" time="0.008" errors="0">
  <testcase name="TC_01_Return_Verify_From_City" time="0.004" classname="testCases.Flight_Test_Cases.Flight_TS_02"/>
  <testcase name="TC_05_Return_Verify_Search_button" time="0.001" classname="testCases.Flight_Test_Cases.Flight_TS_02"/>
  <testcase name="TC_04_Return_Verify_Default_Ret_Date" time="0.001" classname="testCases.Flight_Test_Cases.Flight_TS_02"/>
  <testcase name="TC_02_Return_Verify_To_City" time="0.001" classname="testCases.Flight_Test_Cases.Flight_TS_02"/>
  <testcase name="TC_03_Return_Verify_Default_Dep_Date" time="0.001" classname="testCases.Flight_Test_Cases.Flight_TS_02"/>
</testsuite> <!-- testCases.Flight_Test_Cases.Flight_TS_02 -->
