<?xml version="1.0" encoding="UTF-8"?>
<!-- Generated by org.testng.reporters.JUnitReportReporter -->
<testsuite skipped="0" hostname="DESKTOP-DB72NR2" name="testCases.FlightPageTestCase" tests="1" failures="0" timestamp="26 Jun 2019 21:08:37 GMT" time="34.117" errors="0">
  <testcase name="TestCase_1" time="34.117" classname="testCases.FlightPageTestCase"/>
</testsuite> <!-- testCases.FlightPageTestCase -->
