<?xml version="1.0" encoding="UTF-8"?>
<!-- Generated by org.testng.reporters.JUnitReportReporter -->
<testsuite skipped="0" hostname="LIN37000696" name="testCases.Flight_Test_Cases.Flight_TS_01" tests="1" failures="0" timestamp="01 May 2020 18:24:40 GMT" time="0.242" errors="0">
  <testcase name="TS01_TC_01_Verify_Colour_Flight_Icon" time="0.242" classname="testCases.Flight_Test_Cases.Flight_TS_01"/>
</testsuite> <!-- testCases.Flight_Test_Cases.Flight_TS_01 -->
