<?xml version="1.0" encoding="UTF-8"?>
<!-- Generated by org.testng.reporters.JUnitReportReporter -->
<testsuite hostname="DESKTOP-DB72NR2" name="base.BasePage" tests="1" failures="0" timestamp="2 Jun 2019 17:57:31 GMT" time="0.017" errors="0">
  <testcase name="test_case_1" time="0.017" classname="base.BasePage"/>
</testsuite> <!-- base.BasePage -->
