<?xml version="1.0" encoding="UTF-8"?>
<!-- Generated by org.testng.reporters.JUnitReportReporter -->
<testsuite skipped="0" hostname="LIN37000696" name="testCases.Flight_Test_Cases.Flight_TC_01" tests="1" failures="0" timestamp="18 Feb 2020 02:55:45 GMT" time="0.016" errors="0">
  <testcase name="test1" time="0.016" classname="testCases.Flight_Test_Cases.Flight_TC_01"/>
</testsuite> <!-- testCases.Flight_Test_Cases.Flight_TC_01 -->
