<?xml version="1.0" encoding="UTF-8"?>
<!-- Generated by org.testng.reporters.JUnitReportReporter -->
<testsuite skipped="0" hostname="LIN37000696" name="testCases.Flight_Test_Cases.Flight_TC_08" tests="1" failures="0" timestamp="28 Feb 2020 18:46:37 GMT" time="0.000" errors="0">
  <testcase name="f" time="0.000" classname="testCases.Flight_Test_Cases.Flight_TC_08"/>
</testsuite> <!-- testCases.Flight_Test_Cases.Flight_TC_08 -->
