<?xml version="1.0" encoding="UTF-8"?>
<!-- Generated by org.testng.reporters.JUnitReportReporter -->
<testsuite skipped="0" hostname="DESKTOP-DB72NR2" name="base.BasePage" tests="1" failures="0" timestamp="05 Jun 2019 17:43:14 GMT" time="3.082" errors="0">
  <testcase name="test_case_1" time="3.082" classname="base.BasePage"/>
</testsuite> <!-- base.BasePage -->
