<?xml version="1.0" encoding="UTF-8"?>
<!-- Generated by org.testng.reporters.JUnitReportReporter -->
<testsuite skipped="0" hostname="LIN37000696" name="testCases.Flight_Test_Cases.Flight_TC_01" tests="7" failures="0" timestamp="02 Mar 2020 14:49:04 GMT" time="0.228" errors="0">
  <testcase name="Verify_Default_To_Field" time="0.060" classname="testCases.Flight_Test_Cases.Flight_TC_01"/>
  <testcase name="Verify_Colour_Flight_Icon" time="0.096" classname="testCases.Flight_Test_Cases.Flight_TC_01"/>
  <testcase name="Verify_Default_Arr_Date" time="0.000" classname="testCases.Flight_Test_Cases.Flight_TC_01"/>
  <testcase name="Verify_Default_From_Field" time="0.072" classname="testCases.Flight_Test_Cases.Flight_TC_01"/>
  <testcase name="Verify_Default_Search_Btn" time="0.000" classname="testCases.Flight_Test_Cases.Flight_TC_01"/>
  <testcase name="Verify_Default_Dep_Date" time="0.000" classname="testCases.Flight_Test_Cases.Flight_TC_01"/>
  <testcase name="Verify_Default_TripType" time="0.000" classname="testCases.Flight_Test_Cases.Flight_TC_01"/>
</testsuite> <!-- testCases.Flight_Test_Cases.Flight_TC_01 -->
