<?xml version="1.0" encoding="UTF-8"?>
<!-- Generated by org.testng.reporters.JUnitReportReporter -->
<testsuite skipped="0" hostname="LIN37000696" name="executionEngine.ExecutionEngineRun" tests="7" failures="0" timestamp="20 Oct 2019 20:24:28 GMT" time="0.032" errors="0">
  <testcase name="SuiteSelector" time="0.004" classname="executionEngine.ExecutionEngineRun"/>
  <testcase name="SuiteSelector" time="0.004" classname="executionEngine.ExecutionEngineRun"/>
  <testcase name="SuiteSelector" time="0.012" classname="executionEngine.ExecutionEngineRun"/>
  <testcase name="SuiteSelector" time="0.004" classname="executionEngine.ExecutionEngineRun"/>
  <testcase name="SuiteSelector" time="0.000" classname="executionEngine.ExecutionEngineRun"/>
  <testcase name="SuiteSelector" time="0.004" classname="executionEngine.ExecutionEngineRun"/>
  <testcase name="SuiteSelector" time="0.004" classname="executionEngine.ExecutionEngineRun"/>
</testsuite> <!-- executionEngine.ExecutionEngineRun -->
