<?xml version="1.0" encoding="UTF-8"?>
<!-- Generated by org.testng.reporters.JUnitReportReporter -->
<testsuite hostname="LIN37000696" name="testCases.Test_Case_1" tests="1" failures="0" timestamp="14 May 2019 12:54:07 GMT" time="0.013" errors="0">
  <testcase name="test_case_1" time="0.013" classname="testCases.Test_Case_1"/>
</testsuite> <!-- testCases.Test_Case_1 -->
